<?xml version="1.0" encoding="UTF-8"?>
<!-- Generated by org.testng.reporters.JUnitReportReporter -->
<testsuite hostname="ENVPHIL163" name="testCases.ProfileTest" tests="1" failures="0" timestamp="3 Feb 2022 16:54:56 GMT" time="16.693" errors="0">
  <testcase name="ProfileTest1" time="16.693" classname="testCases.ProfileTest"/>
</testsuite> <!-- testCases.ProfileTest -->
